<?xml version="1.0" encoding="UTF-8"?>
<!-- Generated by org.testng.reporters.JUnitReportReporter -->
<testsuite hostname="DESKTOP-08IDGDC" name="com.yixin.test.PrivilegeRefuelMerchant" tests="1" failures="0" timestamp="25 Sep 2018 08:24:15 GMT" time="2.157" errors="0">
  <testcase name="testPrivilegeRefuelMerchant010" time="2.157" classname="com.yixin.test.PrivilegeRefuelMerchant"/>
</testsuite> <!-- com.yixin.test.PrivilegeRefuelMerchant -->
